<?xml version="1.0" encoding="UTF-8"?>
<testsuite xmlns:xsi="http://www.w3.org/2001/XMLSchema-instance" xsi:noNamespaceSchemaLocation="https://maven.apache.org/surefire/maven-surefire-plugin/xsd/surefire-test-report-3.0.xsd" version="3.0" name="testing.UserDataValidationsJUnitTest" time="0.072" tests="6" errors="0" skipped="0" failures="0">
  <properties>
    <property name="java.specification.version" value="21"/>
    <property name="sun.cpu.isalist" value="amd64"/>
    <property name="sun.jnu.encoding" value="Cp1252"/>
    <property name="java.class.path" value="D:\OneDrive - Centre d&apos;Estudis Monlau\1. Monlau\FP\Cursos\DAM\1-DAM\0485 Programació\Testing\target\test-classes;D:\OneDrive - Centre d&apos;Estudis Monlau\1. Monlau\FP\Cursos\DAM\1-DAM\0485 Programació\Testing\target\classes;C:\Users\danielgarbru\.m2\repository\org\junit\jupiter\junit-jupiter-api\5.10.2\junit-jupiter-api-5.10.2.jar;C:\Users\danielgarbru\.m2\repository\org\opentest4j\opentest4j\1.3.0\opentest4j-1.3.0.jar;C:\Users\danielgarbru\.m2\repository\org\junit\platform\junit-platform-commons\1.10.2\junit-platform-commons-1.10.2.jar;C:\Users\danielgarbru\.m2\repository\org\apiguardian\apiguardian-api\1.1.2\apiguardian-api-1.1.2.jar;C:\Users\danielgarbru\.m2\repository\org\junit\jupiter\junit-jupiter-params\5.10.2\junit-jupiter-params-5.10.2.jar;C:\Users\danielgarbru\.m2\repository\org\junit\jupiter\junit-jupiter-engine\5.10.2\junit-jupiter-engine-5.10.2.jar;C:\Users\danielgarbru\.m2\repository\org\junit\platform\junit-platform-engine\1.10.2\junit-platform-engine-1.10.2.jar;"/>
    <property name="java.vm.vendor" value="Oracle Corporation"/>
    <property name="sun.arch.data.model" value="64"/>
    <property name="user.variant" value=""/>
    <property name="java.vendor.url" value="https://java.oracle.com/"/>
    <property name="user.timezone" value="Europe/Madrid"/>
    <property name="os.name" value="Windows 11"/>
    <property name="java.vm.specification.version" value="21"/>
    <property name="user.country" value="ES"/>
    <property name="sun.java.launcher" value="SUN_STANDARD"/>
    <property name="sun.boot.library.path" value="C:\Program Files\Java\jdk-21\bin"/>
    <property name="sun.java.command" value="C:\Users\danielgarbru\AppData\Local\Temp\surefire4182512118918162225\surefirebooter-20250211090846285_3.jar C:\Users\danielgarbru\AppData\Local\Temp\surefire4182512118918162225 2025-02-11T09-08-46_173-jvmRun1 surefire-20250211090846285_1tmp surefire_0-20250211090846285_2tmp"/>
    <property name="jdk.debug" value="release"/>
    <property name="test" value="testing.UserDataValidationsJUnitTest"/>
    <property name="surefire.test.class.path" value="D:\OneDrive - Centre d&apos;Estudis Monlau\1. Monlau\FP\Cursos\DAM\1-DAM\0485 Programació\Testing\target\test-classes;D:\OneDrive - Centre d&apos;Estudis Monlau\1. Monlau\FP\Cursos\DAM\1-DAM\0485 Programació\Testing\target\classes;C:\Users\danielgarbru\.m2\repository\org\junit\jupiter\junit-jupiter-api\5.10.2\junit-jupiter-api-5.10.2.jar;C:\Users\danielgarbru\.m2\repository\org\opentest4j\opentest4j\1.3.0\opentest4j-1.3.0.jar;C:\Users\danielgarbru\.m2\repository\org\junit\platform\junit-platform-commons\1.10.2\junit-platform-commons-1.10.2.jar;C:\Users\danielgarbru\.m2\repository\org\apiguardian\apiguardian-api\1.1.2\apiguardian-api-1.1.2.jar;C:\Users\danielgarbru\.m2\repository\org\junit\jupiter\junit-jupiter-params\5.10.2\junit-jupiter-params-5.10.2.jar;C:\Users\danielgarbru\.m2\repository\org\junit\jupiter\junit-jupiter-engine\5.10.2\junit-jupiter-engine-5.10.2.jar;C:\Users\danielgarbru\.m2\repository\org\junit\platform\junit-platform-engine\1.10.2\junit-platform-engine-1.10.2.jar;"/>
    <property name="sun.cpu.endian" value="little"/>
    <property name="user.home" value="C:\Users\danielgarbru"/>
    <property name="user.language" value="es"/>
    <property name="java.specification.vendor" value="Oracle Corporation"/>
    <property name="java.version.date" value="2024-04-16"/>
    <property name="java.home" value="C:\Program Files\Java\jdk-21"/>
    <property name="file.separator" value="\"/>
    <property name="basedir" value="D:\OneDrive - Centre d&apos;Estudis Monlau\1. Monlau\FP\Cursos\DAM\1-DAM\0485 Programació\Testing"/>
    <property name="java.vm.compressedOopsMode" value="Zero based"/>
    <property name="line.separator" value="&#10;"/>
    <property name="java.vm.specification.vendor" value="Oracle Corporation"/>
    <property name="java.specification.name" value="Java Platform API Specification"/>
    <property name="surefire.real.class.path" value="C:\Users\danielgarbru\AppData\Local\Temp\surefire4182512118918162225\surefirebooter-20250211090846285_3.jar"/>
    <property name="user.script" value=""/>
    <property name="sun.management.compiler" value="HotSpot 64-Bit Tiered Compilers"/>
    <property name="java.runtime.version" value="21.0.3+7-LTS-152"/>
    <property name="user.name" value="danielgarbru"/>
    <property name="stdout.encoding" value="Cp1252"/>
    <property name="path.separator" value=";"/>
    <property name="os.version" value="10.0"/>
    <property name="java.runtime.name" value="Java(TM) SE Runtime Environment"/>
    <property name="file.encoding" value="UTF-8"/>
    <property name="java.vm.name" value="Java HotSpot(TM) 64-Bit Server VM"/>
    <property name="maven.ext.class.path" value="C:\Program Files\NetBeans-21\netbeans\java\maven-nblib\netbeans-eventspy.jar"/>
    <property name="localRepository" value="C:\Users\danielgarbru\.m2\repository"/>
    <property name="java.vendor.url.bug" value="https://bugreport.java.com/bugreport/"/>
    <property name="java.io.tmpdir" value="C:\Users\DANIEL~1\AppData\Local\Temp\"/>
    <property name="java.version" value="21.0.3"/>
    <property name="user.dir" value="D:\OneDrive - Centre d&apos;Estudis Monlau\1. Monlau\FP\Cursos\DAM\1-DAM\0485 Programació\Testing"/>
    <property name="os.arch" value="amd64"/>
    <property name="java.vm.specification.name" value="Java Virtual Machine Specification"/>
    <property name="sun.os.patch.level" value=""/>
    <property name="native.encoding" value="Cp1252"/>
    <property name="java.library.path" value="C:\Program Files\Java\jdk-21\bin;C:\WINDOWS\Sun\Java\bin;C:\WINDOWS\system32;C:\WINDOWS;C:\Program Files (x86)\VMware\VMware Workstation\bin\;C:\Program Files\Common Files\Oracle\Java\javapath;C:\WINDOWS\system32;C:\WINDOWS;C:\WINDOWS\System32\Wbem;C:\WINDOWS\System32\WindowsPowerShell\v1.0\;C:\WINDOWS\System32\OpenSSH\;C:\Program Files\PuTTY\;C:\Program Files\VSCodium\bin;D:\sdlimage\lib\x64;D:\sdl\lib\x64;D:\cmd;C:\Program Files\dotnet\;C:\Program Files (x86)\Windows Kits\10\Windows Performance Toolkit\C:\MinGW\bin;C:\MinGW\msys\1.0\bin;C:\Users\danielgarbru\AppData\Local\Microsoft\WindowsApps;;C:\Users\danielgarbru\AppData\Local\spicetify;C:\Users\danielgarbru\.dotnet\tools;C:\Users\danielgarbru\AppData\Local\Microsoft\WindowsApps;C:\Users\danielgarbru\AppData\Local\Programs\Microsoft VS Code\bin;."/>
    <property name="java.vm.info" value="mixed mode, sharing"/>
    <property name="stderr.encoding" value="Cp1252"/>
    <property name="java.vendor" value="Oracle Corporation"/>
    <property name="java.vm.version" value="21.0.3+7-LTS-152"/>
    <property name="sun.io.unicode.encoding" value="UnicodeLittle"/>
    <property name="java.class.version" value="65.0"/>
  </properties>
  <testcase name="checkPostalCode" classname="testing.UserDataValidationsJUnitTest" time="0.032">
    <system-out><![CDATA[Eres de Pais Vasco, Alava
El Codigo postal no es valido
Eres de Melilla
El Codigo postal no es valido
El numero debe de ser de 5 digitos
El numero debe de ser de 5 digitos
]]></system-out>
  </testcase>
  <testcase name="testCheckID" classname="testing.UserDataValidationsJUnitTest" time="0.002">
    <system-out><![CDATA[












]]></system-out>
  </testcase>
  <testcase name="isAlphabetic" classname="testing.UserDataValidationsJUnitTest" time="0.001"/>
  <testcase name="calculateAge" classname="testing.UserDataValidationsJUnitTest" time="0.003">
    <system-out><![CDATA[La longitud de la fecha es incorrecta.
Febrero solo tiene 28 días en un año no bisiesto.
La longitud de la fecha es incorrecta.
El mes tiene solo 31 días.
El mes tiene solo 30 días.
El mes introducido es incorrecto.
La longitud de la fecha es incorrecta.
La fecha no tiene el formato adecuado.
El formato de la fecha es incorrecto. Asegúrese de que todos los valores sean números válidos.
Febrero solo tiene 28 días en un año no bisiesto.
La longitud de la fecha es incorrecta.
La longitud de la fecha es incorrecta.
Febrero solo tiene 29 días en un año bisiesto.
El mes introducido es incorrecto.
El mes tiene solo 30 días.
La longitud de la fecha es incorrecta.
La longitud de la fecha es incorrecta.
La fecha no tiene el formato adecuado.
La fecha no tiene el formato adecuado.
]]></system-out>
  </testcase>
  <testcase name="checkFormatDate" classname="testing.UserDataValidationsJUnitTest" time="0.002">
    <system-out><![CDATA[La longitud de la fecha es incorrecta.
Febrero solo tiene 28 días en un año no bisiesto.
La longitud de la fecha es incorrecta.
El mes tiene solo 31 días.
El mes tiene solo 30 días.
El mes introducido es incorrecto.
La longitud de la fecha es incorrecta.
La fecha no tiene el formato adecuado.
El formato de la fecha es incorrecto. Asegúrese de que todos los valores sean números válidos.
Febrero solo tiene 28 días en un año no bisiesto.
La longitud de la fecha es incorrecta.
La longitud de la fecha es incorrecta.
Febrero solo tiene 29 días en un año bisiesto.
El mes introducido es incorrecto.
El mes tiene solo 30 días.
La longitud de la fecha es incorrecta.
La longitud de la fecha es incorrecta.
La fecha no tiene el formato adecuado.
La fecha no tiene el formato adecuado.
]]></system-out>
  </testcase>
  <testcase name="isNumeric" classname="testing.UserDataValidationsJUnitTest" time="0.002"/>
</testsuite>